["2024-01-28T08:00:05.607", "DEBUG", "ubuntupro.config", "parse_config", 633, "Using client configuration file at /etc/ubuntu-advantage/uaclient.conf", {}]
["2024-01-28T08:00:05.607", "DEBUG", "ubuntupro.system", "load_file", 517, "Reading file: /etc/ubuntu-advantage/uaclient.conf", {}]
["2024-01-28T08:00:05.608", "DEBUG", "ubuntupro.files.files", "read", 60, "Tried to load /var/lib/ubuntu-advantage/user-config.json but file does not exist", {}]
["2024-01-28T08:00:05.614", "DEBUG", "ubuntupro.http", "configure_web_proxy", 146, "Setting no_proxy: 169.254.169.254,[fd00:ec2::254],metadata", {}]
["2024-01-28T08:00:05.614", "DEBUG", "ubuntupro.http", "configure_web_proxy", 154, "Setting global proxy dict", {}]
["2024-01-28T08:00:05.614", "DEBUG", "ubuntupro.cli", "main", 1821, "Executed with sys.argv: ['/usr/bin/pro', 'security-status', '--format=json']", {}]
["2024-01-28T08:00:05.615", "DEBUG", "ubuntupro.files.files", "read", 60, "Tried to load /var/lib/ubuntu-advantage/machine-token.json but file does not exist", {}]
["2024-01-28T08:00:05.965", "DEBUG", "ubuntupro.system", "load_file", 517, "Reading file: /etc/os-release", {}]
["2024-01-28T08:00:05.981", "DEBUG", "ubuntupro.livepatch", "status", 126, "canonical-livepatch is not installed", {}]
["2024-01-28T08:00:05.982", "DEBUG", "ubuntupro.livepatch", "status", 126, "canonical-livepatch is not installed", {}]
["2024-01-28T08:00:05.982", "DEBUG", "ubuntupro.system", "load_file", 517, "Reading file: /proc/version_signature", {}]
["2024-01-28T08:00:05.984", "WARNING", "ubuntupro.system", "_get_kernel_build_date", 131, "Unable to parse build date from uname version", {}]
["2024-01-28T08:00:05.998", "WARNING", "ubuntupro.system", "_get_kernel_changelog_timestamp", 104, "Falling back to using timestamp of kernel changelog", {}]
["2024-02-05T02:55:57.970", "DEBUG", "ubuntupro.config", "parse_config", 633, "Using client configuration file at /etc/ubuntu-advantage/uaclient.conf", {}]
["2024-02-05T02:55:57.972", "DEBUG", "ubuntupro.system", "load_file", 517, "Reading file: /etc/ubuntu-advantage/uaclient.conf", {}]
["2024-02-05T02:55:57.973", "DEBUG", "ubuntupro.files.files", "read", 60, "Tried to load /var/lib/ubuntu-advantage/user-config.json but file does not exist", {}]
["2024-02-05T02:55:57.987", "DEBUG", "ubuntupro.http", "configure_web_proxy", 146, "Setting no_proxy: 169.254.169.254,[fd00:ec2::254],metadata", {}]
["2024-02-05T02:55:57.987", "DEBUG", "ubuntupro.http", "configure_web_proxy", 154, "Setting global proxy dict", {}]
["2024-02-05T02:55:57.987", "DEBUG", "ubuntupro.cli", "main", 1821, "Executed with sys.argv: ['/usr/bin/pro', 'security-status', '--format=json']", {}]
["2024-02-05T02:55:57.988", "DEBUG", "ubuntupro.files.files", "read", 60, "Tried to load /var/lib/ubuntu-advantage/machine-token.json but file does not exist", {}]
["2024-02-05T02:55:58.573", "DEBUG", "ubuntupro.system", "load_file", 517, "Reading file: /etc/os-release", {}]
["2024-02-05T02:55:58.607", "DEBUG", "ubuntupro.livepatch", "status", 126, "canonical-livepatch is not installed", {}]
["2024-02-05T02:55:58.608", "DEBUG", "ubuntupro.livepatch", "status", 126, "canonical-livepatch is not installed", {}]
["2024-02-05T02:55:58.608", "DEBUG", "ubuntupro.system", "load_file", 517, "Reading file: /proc/version_signature", {}]
["2024-02-05T02:55:58.613", "WARNING", "ubuntupro.system", "_get_kernel_build_date", 131, "Unable to parse build date from uname version", {}]
["2024-02-05T02:55:58.636", "WARNING", "ubuntupro.system", "_get_kernel_changelog_timestamp", 104, "Falling back to using timestamp of kernel changelog", {}]
["2024-02-12T06:11:37.866", "DEBUG", "ubuntupro.config", "parse_config", 633, "Using client configuration file at /etc/ubuntu-advantage/uaclient.conf", {}]
["2024-02-12T06:11:37.867", "DEBUG", "ubuntupro.system", "load_file", 517, "Reading file: /etc/ubuntu-advantage/uaclient.conf", {}]
["2024-02-12T06:11:37.868", "DEBUG", "ubuntupro.files.files", "read", 60, "Tried to load /var/lib/ubuntu-advantage/user-config.json but file does not exist", {}]
["2024-02-12T06:11:37.878", "DEBUG", "ubuntupro.http", "configure_web_proxy", 146, "Setting no_proxy: 169.254.169.254,[fd00:ec2::254],metadata", {}]
["2024-02-12T06:11:37.878", "DEBUG", "ubuntupro.http", "configure_web_proxy", 154, "Setting global proxy dict", {}]
["2024-02-12T06:11:37.878", "DEBUG", "ubuntupro.cli", "main", 1821, "Executed with sys.argv: ['/usr/bin/pro', 'security-status', '--format=json']", {}]
["2024-02-12T06:11:37.878", "DEBUG", "ubuntupro.files.files", "read", 60, "Tried to load /var/lib/ubuntu-advantage/machine-token.json but file does not exist", {}]
["2024-02-12T06:11:38.328", "DEBUG", "ubuntupro.system", "load_file", 517, "Reading file: /etc/os-release", {}]
["2024-02-12T06:11:38.352", "DEBUG", "ubuntupro.livepatch", "status", 126, "canonical-livepatch is not installed", {}]
["2024-02-12T06:11:38.352", "DEBUG", "ubuntupro.livepatch", "status", 126, "canonical-livepatch is not installed", {}]
["2024-02-12T06:11:38.352", "DEBUG", "ubuntupro.system", "load_file", 517, "Reading file: /proc/version_signature", {}]
["2024-02-12T06:11:38.358", "WARNING", "ubuntupro.system", "_get_kernel_build_date", 131, "Unable to parse build date from uname version", {}]
["2024-02-12T06:11:38.400", "WARNING", "ubuntupro.system", "_get_kernel_changelog_timestamp", 104, "Falling back to using timestamp of kernel changelog", {}]
["2024-03-03T03:50:14.562", "DEBUG", "ubuntupro.config", "parse_config", 633, "Using client configuration file at /etc/ubuntu-advantage/uaclient.conf", {}]
["2024-03-03T03:50:14.563", "DEBUG", "ubuntupro.system", "load_file", 517, "Reading file: /etc/ubuntu-advantage/uaclient.conf", {}]
["2024-03-03T03:50:14.563", "DEBUG", "ubuntupro.files.files", "read", 60, "Tried to load /var/lib/ubuntu-advantage/user-config.json but file does not exist", {}]
["2024-03-03T03:50:14.569", "DEBUG", "ubuntupro.http", "configure_web_proxy", 146, "Setting no_proxy: 169.254.169.254,[fd00:ec2::254],metadata", {}]
["2024-03-03T03:50:14.569", "DEBUG", "ubuntupro.http", "configure_web_proxy", 154, "Setting global proxy dict", {}]
["2024-03-03T03:50:14.569", "DEBUG", "ubuntupro.cli", "main", 1821, "Executed with sys.argv: ['/usr/bin/pro', 'security-status', '--format=json']", {}]
["2024-03-03T03:50:14.569", "DEBUG", "ubuntupro.files.files", "read", 60, "Tried to load /var/lib/ubuntu-advantage/machine-token.json but file does not exist", {}]
["2024-03-03T03:50:14.838", "DEBUG", "ubuntupro.system", "load_file", 517, "Reading file: /etc/os-release", {}]
["2024-03-03T03:50:14.851", "DEBUG", "ubuntupro.livepatch", "status", 126, "canonical-livepatch is not installed", {}]
["2024-03-03T03:50:14.851", "DEBUG", "ubuntupro.livepatch", "status", 126, "canonical-livepatch is not installed", {}]
["2024-03-03T03:50:14.851", "DEBUG", "ubuntupro.system", "load_file", 517, "Reading file: /proc/version_signature", {}]
["2024-03-03T03:50:14.853", "WARNING", "ubuntupro.system", "_get_kernel_build_date", 131, "Unable to parse build date from uname version", {}]
["2024-03-03T03:50:14.863", "WARNING", "ubuntupro.system", "_get_kernel_changelog_timestamp", 104, "Falling back to using timestamp of kernel changelog", {}]
["2024-03-10T07:39:16.466", "DEBUG", "ubuntupro.config", "parse_config", 633, "Using client configuration file at /etc/ubuntu-advantage/uaclient.conf", {}]
["2024-03-10T07:39:16.468", "DEBUG", "ubuntupro.system", "load_file", 517, "Reading file: /etc/ubuntu-advantage/uaclient.conf", {}]
["2024-03-10T07:39:16.468", "DEBUG", "ubuntupro.files.files", "read", 60, "Tried to load /var/lib/ubuntu-advantage/user-config.json but file does not exist", {}]
["2024-03-10T07:39:16.483", "DEBUG", "ubuntupro.http", "configure_web_proxy", 146, "Setting no_proxy: 169.254.169.254,[fd00:ec2::254],metadata", {}]
["2024-03-10T07:39:16.484", "DEBUG", "ubuntupro.http", "configure_web_proxy", 154, "Setting global proxy dict", {}]
["2024-03-10T07:39:16.484", "DEBUG", "ubuntupro.cli", "main", 1821, "Executed with sys.argv: ['/usr/bin/pro', 'security-status', '--format=json']", {}]
["2024-03-10T07:39:16.484", "DEBUG", "ubuntupro.files.files", "read", 60, "Tried to load /var/lib/ubuntu-advantage/machine-token.json but file does not exist", {}]
["2024-03-10T07:39:17.972", "DEBUG", "ubuntupro.system", "load_file", 517, "Reading file: /etc/os-release", {}]
["2024-03-10T07:39:17.988", "DEBUG", "ubuntupro.livepatch", "status", 126, "canonical-livepatch is not installed", {}]
["2024-03-10T07:39:17.989", "DEBUG", "ubuntupro.livepatch", "status", 126, "canonical-livepatch is not installed", {}]
["2024-03-10T07:39:17.990", "DEBUG", "ubuntupro.system", "load_file", 517, "Reading file: /proc/version_signature", {}]
["2024-03-10T07:39:17.992", "WARNING", "ubuntupro.system", "_get_kernel_build_date", 131, "Unable to parse build date from uname version", {}]
["2024-03-10T07:39:18.004", "WARNING", "ubuntupro.system", "_get_kernel_changelog_timestamp", 104, "Falling back to using timestamp of kernel changelog", {}]
["2024-04-07T03:22:06.697", "DEBUG", "ubuntupro.config", "parse_config", 633, "Using client configuration file at /etc/ubuntu-advantage/uaclient.conf", {}]
["2024-04-07T03:22:06.698", "DEBUG", "ubuntupro.system", "load_file", 517, "Reading file: /etc/ubuntu-advantage/uaclient.conf", {}]
["2024-04-07T03:22:06.698", "DEBUG", "ubuntupro.files.files", "read", 60, "Tried to load /var/lib/ubuntu-advantage/user-config.json but file does not exist", {}]
["2024-04-07T03:22:06.706", "DEBUG", "ubuntupro.http", "configure_web_proxy", 146, "Setting no_proxy: 169.254.169.254,[fd00:ec2::254],metadata", {}]
["2024-04-07T03:22:06.706", "DEBUG", "ubuntupro.http", "configure_web_proxy", 154, "Setting global proxy dict", {}]
["2024-04-07T03:22:06.706", "DEBUG", "ubuntupro.cli", "main", 1821, "Executed with sys.argv: ['/usr/bin/pro', 'security-status', '--format=json']", {}]
["2024-04-07T03:22:06.706", "DEBUG", "ubuntupro.files.files", "read", 60, "Tried to load /var/lib/ubuntu-advantage/machine-token.json but file does not exist", {}]
["2024-04-07T03:22:07.115", "DEBUG", "ubuntupro.system", "load_file", 517, "Reading file: /etc/os-release", {}]
["2024-04-07T03:22:07.147", "DEBUG", "ubuntupro.livepatch", "status", 126, "canonical-livepatch is not installed", {}]
["2024-04-07T03:22:07.148", "DEBUG", "ubuntupro.livepatch", "status", 126, "canonical-livepatch is not installed", {}]
["2024-04-07T03:22:07.148", "DEBUG", "ubuntupro.system", "load_file", 517, "Reading file: /proc/version_signature", {}]
["2024-04-07T03:22:07.153", "WARNING", "ubuntupro.system", "_get_kernel_build_date", 131, "Unable to parse build date from uname version", {}]
["2024-04-07T03:22:07.174", "WARNING", "ubuntupro.system", "_get_kernel_changelog_timestamp", 104, "Falling back to using timestamp of kernel changelog", {}]
["2024-04-14T06:37:12.208", "DEBUG", "ubuntupro.config", "parse_config", 633, "Using client configuration file at /etc/ubuntu-advantage/uaclient.conf", {}]
["2024-04-14T06:37:12.210", "DEBUG", "ubuntupro.system", "load_file", 517, "Reading file: /etc/ubuntu-advantage/uaclient.conf", {}]
["2024-04-14T06:37:12.210", "DEBUG", "ubuntupro.files.files", "read", 60, "Tried to load /var/lib/ubuntu-advantage/user-config.json but file does not exist", {}]
["2024-04-14T06:37:12.217", "DEBUG", "ubuntupro.http", "configure_web_proxy", 146, "Setting no_proxy: 169.254.169.254,[fd00:ec2::254],metadata", {}]
["2024-04-14T06:37:12.217", "DEBUG", "ubuntupro.http", "configure_web_proxy", 154, "Setting global proxy dict", {}]
["2024-04-14T06:37:12.217", "DEBUG", "ubuntupro.cli", "main", 1821, "Executed with sys.argv: ['/usr/bin/pro', 'security-status', '--format=json']", {}]
["2024-04-14T06:37:12.217", "DEBUG", "ubuntupro.files.files", "read", 60, "Tried to load /var/lib/ubuntu-advantage/machine-token.json but file does not exist", {}]
["2024-04-14T06:37:12.594", "DEBUG", "ubuntupro.system", "load_file", 517, "Reading file: /etc/os-release", {}]
["2024-04-14T06:37:12.611", "DEBUG", "ubuntupro.livepatch", "status", 126, "canonical-livepatch is not installed", {}]
["2024-04-14T06:37:12.611", "DEBUG", "ubuntupro.livepatch", "status", 126, "canonical-livepatch is not installed", {}]
["2024-04-14T06:37:12.611", "DEBUG", "ubuntupro.system", "load_file", 517, "Reading file: /proc/version_signature", {}]
["2024-04-14T06:37:12.613", "WARNING", "ubuntupro.system", "_get_kernel_build_date", 131, "Unable to parse build date from uname version", {}]
["2024-04-14T06:37:12.625", "WARNING", "ubuntupro.system", "_get_kernel_changelog_timestamp", 104, "Falling back to using timestamp of kernel changelog", {}]
